Removed Pin From Net: NetName=AGND Pin=C4-1
Removed Pin From Net: NetName=AGND Pin=C5-1
Removed Pin From Net: NetName=AGND Pin=D1-8
Removed Pin From Net: NetName=AGND Pin=R9-2
Removed Pin From Net: NetName=AGND Pin=R10-1
Removed Pin From Net: NetName=AGND Pin=R11-1
Removed Pin From Net: NetName=AGND Pin=X2-2
Removed Pin From Net: NetName=AGND Pin=X3-2
Removed Pin From Net: NetName=AGND Pin=X4-2
Removed Pin From Net: NetName=AGND Pin=X6-2
Change Net Name : Old Net Name=AGND New Net Name=AGND1
Added Pin To Net: NetName=AGND Pin=C4-1
Added Pin To Net: NetName=AGND Pin=C5-1
Added Pin To Net: NetName=AGND Pin=D1-8
Added Pin To Net: NetName=AGND Pin=R9-2
Added Pin To Net: NetName=AGND Pin=R10-1
Added Pin To Net: NetName=AGND Pin=R11-1
Added Pin To Net: NetName=AGND Pin=X2-2
Added Pin To Net: NetName=AGND Pin=X3-2
Added Pin To Net: NetName=AGND Pin=X4-2
Added Pin To Net: NetName=AGND Pin=X6-2
Added Net: Name=AGND
Added Room: Name=mikro
