Removed Pin From Net: NetName=NetA1_11 Pin=A3-1
Removed Pin From Net: NetName=AGND Pin=A3-2
Removed Pin From Net: NetName=AGND Pin=A3-4
Removed Pin From Net: NetName=VCC Pin=A3-5
Removed Pin From Net: NetName=NetA1_11 Pin=C9-1
Removed Pin From Net: NetName=AGND Pin=C9-2
Removed Pin From Net: NetName=NetA1_11 Pin=C10-1
Removed Pin From Net: NetName=AGND Pin=C10-2
Removed Pin From Net: NetName=GND Pin=H1-1
Removed Pin From Net: NetName=NetA1_11 Pin=R12-2
Removed Pin From Net: NetName=NetA1_1 Pin=R13-1
Removed Pin From Net: NetName=AGND Pin=R13-2
Removed Pin From Net: NetName=AGND Pin=Rmmpc-1
Removed Pin From Net: NetName=NetA1_5 Pin=Rmmpc-2
Removed Pin From Net: NetName=AGND Pin=X8-2
Removed Pin From Net: NetName=VCC Pin=X9-1
Removed Pin From Net: NetName=AGND Pin=X9-2
Removed Member From Class: ClassName=Schroom_napajanje4 Member=A3
Removed Member From Class: ClassName=Schroom_napajanje4 Member=Rmmpc
Change Component Comment : Designator=R12 Old Comment=1M New Comment=301k
Change Component Comment : Designator=R13 Old Comment=301k New Comment=1M
Change Component Comment : Designator=R1 Old Comment=? New Comment=1k
Change Component Comment : Designator=R2 Old Comment=? New Comment=2k
Change Component Comment : Designator=R3 Old Comment=? New Comment=3k
Change Component Comment : Designator=X9 Old Comment=izlaz New Comment=izlaz 3,3V
Change Component Comment : Designator=H1 Old Comment=RGB_LED New Comment=RGB LED
Change Component Designator: OldDesignator=R12 NewDesignator=R13
Change Component Designator: OldDesignator=R13 NewDesignator=R14
Added Component: Designator=A1(SOP65P490X110-12N)
Add component. Clean all parameters for all variants
Added Component: Designator=A2(SOP65P490X110-12N)
Add component. Clean all parameters for all variants
Added Component: Designator=C11(6-0805_N)
Add component. Clean all parameters for all variants
Add component (AddParameter): Name = "LatestRevisionDate"; Value = "17-Jul-2002"; VariantName = "[No Variations]"
Add component (AddParameter): Name = "LatestRevisionNote"; Value = "Re-released for DXP Platform."; VariantName = "[No Variations]"
Add component (AddParameter): Name = "PackageDescription"; Value = "Radial Cap, Thru-Hole; 2 Leads; 0.3 in Pin Spacing"; VariantName = "[No Variations]"
Add component (AddParameter): Name = "PackageReference"; Value = "RAD-0.3"; VariantName = "[No Variations]"
Add component (AddParameter): Name = "Published"; Value = "8-Jun-2000"; VariantName = "[No Variations]"
Add component (AddParameter): Name = "Publisher"; Value = "Altium Limited"; VariantName = "[No Variations]"
Add component (AddParameter): Name = "Value"; Value = "100pF"; VariantName = "[No Variations]"
Added Component: Designator=L2(6-0805_N)
Add component. Clean all parameters for all variants
Add component (AddParameter): Name = "Code_IEC"; Value = "1005"; VariantName = "[No Variations]"
Add component (AddParameter): Name = "Code_JEITA"; Value = "0402"; VariantName = "[No Variations]"
Add component (AddParameter): Name = "LatestRevisionDate"; Value = "29-May-2009"; VariantName = "[No Variations]"
Add component (AddParameter): Name = "LatestRevisionNote"; Value = "IPC-7351 Footprint Added."; VariantName = "[No Variations]"
Add component (AddParameter): Name = "PackageDescription"; Value = "Chip Inductor"; VariantName = "[No Variations]"
Add component (AddParameter): Name = "PackageReference"; Value = "0402-A"; VariantName = "[No Variations]"
Add component (AddParameter): Name = "Published"; Value = "8-Jun-2000"; VariantName = "[No Variations]"
Add component (AddParameter): Name = "Publisher"; Value = "Altium Limited"; VariantName = "[No Variations]"
Add component (AddParameter): Name = "Value"; Value = "10mH"; VariantName = "[No Variations]"
Added Component: Designator=R12(6-0805_N)
Add component. Clean all parameters for all variants
Add component (AddParameter): Name = "LatestRevisionDate"; Value = "17-Jul-2002"; VariantName = "[No Variations]"
Add component (AddParameter): Name = "LatestRevisionNote"; Value = "Re-released for DXP Platform."; VariantName = "[No Variations]"
Add component (AddParameter): Name = "PackageDescription"; Value = "Axial Device, Thru-Hole; 2 Leads; 0.4 in Pin Spacing"; VariantName = "[No Variations]"
Add component (AddParameter): Name = "PackageReference"; Value = "AXIAL-0.4"; VariantName = "[No Variations]"
Add component (AddParameter): Name = "Published"; Value = "8-Jun-2000"; VariantName = "[No Variations]"
Add component (AddParameter): Name = "Publisher"; Value = "Altium Limited"; VariantName = "[No Variations]"
Add component (AddParameter): Name = "Value"; Value = "1K"; VariantName = "[No Variations]"
Added Component: Designator=R15(6-0805_N)
Add component. Clean all parameters for all variants
Add component (AddParameter): Name = "LatestRevisionDate"; Value = "17-Jul-2002"; VariantName = "[No Variations]"
Add component (AddParameter): Name = "LatestRevisionNote"; Value = "Re-released for DXP Platform."; VariantName = "[No Variations]"
Add component (AddParameter): Name = "PackageDescription"; Value = "Axial Device, Thru-Hole; 2 Leads; 0.4 in Pin Spacing"; VariantName = "[No Variations]"
Add component (AddParameter): Name = "PackageReference"; Value = "AXIAL-0.4"; VariantName = "[No Variations]"
Add component (AddParameter): Name = "Published"; Value = "8-Jun-2000"; VariantName = "[No Variations]"
Add component (AddParameter): Name = "Publisher"; Value = "Altium Limited"; VariantName = "[No Variations]"
Add component (AddParameter): Name = "Value"; Value = "1K"; VariantName = "[No Variations]"
Added Component: Designator=Rmmpc1(6-0805_N)
Add component. Clean all parameters for all variants
Add component (AddParameter): Name = "LatestRevisionDate"; Value = "17-Jul-2002"; VariantName = "[No Variations]"
Add component (AddParameter): Name = "LatestRevisionNote"; Value = "Re-released for DXP Platform."; VariantName = "[No Variations]"
Add component (AddParameter): Name = "PackageDescription"; Value = "Axial Device, Thru-Hole; 2 Leads; 0.4 in Pin Spacing"; VariantName = "[No Variations]"
Add component (AddParameter): Name = "PackageReference"; Value = "AXIAL-0.4"; VariantName = "[No Variations]"
Add component (AddParameter): Name = "Published"; Value = "8-Jun-2000"; VariantName = "[No Variations]"
Add component (AddParameter): Name = "Publisher"; Value = "Altium Limited"; VariantName = "[No Variations]"
Add component (AddParameter): Name = "Value"; Value = "1K"; VariantName = "[No Variations]"
Added Component: Designator=Rmmpc2(6-0805_N)
Add component. Clean all parameters for all variants
Add component (AddParameter): Name = "LatestRevisionDate"; Value = "17-Jul-2002"; VariantName = "[No Variations]"
Add component (AddParameter): Name = "LatestRevisionNote"; Value = "Re-released for DXP Platform."; VariantName = "[No Variations]"
Add component (AddParameter): Name = "PackageDescription"; Value = "Axial Device, Thru-Hole; 2 Leads; 0.4 in Pin Spacing"; VariantName = "[No Variations]"
Add component (AddParameter): Name = "PackageReference"; Value = "AXIAL-0.4"; VariantName = "[No Variations]"
Add component (AddParameter): Name = "Published"; Value = "8-Jun-2000"; VariantName = "[No Variations]"
Add component (AddParameter): Name = "Publisher"; Value = "Altium Limited"; VariantName = "[No Variations]"
Add component (AddParameter): Name = "Value"; Value = "1K"; VariantName = "[No Variations]"
Added Pin To Net: NetName=NetA1_1 Pin=A1-1
Added Pin To Net: NetName=NetA1_2 Pin=A1-2
Added Pin To Net: NetName=AGND Pin=A1-3
Added Pin To Net: NetName=NetA1_5 Pin=A1-5
Added Pin To Net: NetName=AGND Pin=A1-6
Added Pin To Net: NetName=AGND Pin=A1-7
Added Pin To Net: NetName=NetA1_8 Pin=A1-8
Added Pin To Net: NetName=NetA1_9 Pin=A1-9
Added Pin To Net: NetName=NetA1_11 Pin=A1-11
Added Pin To Net: NetName=NetA1_12 Pin=A1-12
Added Pin To Net: NetName=AGND Pin=A2-3
Added Pin To Net: NetName=AGND Pin=A2-6
Added Pin To Net: NetName=AGND Pin=A2-7
Added Pin To Net: NetName=NetA1_11 Pin=A2-8
Added Pin To Net: NetName=AGND Pin=C9-1
Added Pin To Net: NetName=NetA1_11 Pin=C9-2
Added Pin To Net: NetName=AGND Pin=C10-1
Added Pin To Net: NetName=AGND Pin=C11-1
Added Pin To Net: NetName=GND Pin=H1-2
Added Pin To Net: NetName=NetA1_11 Pin=L2-1
Added Pin To Net: NetName=NetA1_1 Pin=R12-1
Added Pin To Net: NetName=NetA1_11 Pin=R12-2
Added Pin To Net: NetName=AGND Pin=R13-2
Added Pin To Net: NetName=AGND Pin=R15-2
Added Pin To Net: NetName=AGND Pin=Rmmpc1-1
Added Pin To Net: NetName=NetA1_5 Pin=Rmmpc1-2
Added Pin To Net: NetName=AGND Pin=Rmmpc2-1
Added Pin To Net: NetName=AGND Pin=X8-1
Added Pin To Net: NetName=NetA1_11 Pin=X8-2
Added Pin To Net: NetName=AGND Pin=X9-1
Added Pin To Net: NetName=NetA2_1 Pin=A2-1
Added Pin To Net: NetName=NetA2_1 Pin=R14-1
Added Pin To Net: NetName=NetA2_1 Pin=R15-1
Added Net: Name=NetA2_1
Added Pin To Net: NetName=NetA2_2 Pin=A2-2
Added Pin To Net: NetName=NetA2_2 Pin=C11-2
Added Net: Name=NetA2_2
Added Pin To Net: NetName=NetA2_5 Pin=A2-5
Added Pin To Net: NetName=NetA2_5 Pin=Rmmpc2-2
Added Net: Name=NetA2_5
Added Pin To Net: NetName=NetA2_9 Pin=A2-9
Added Pin To Net: NetName=NetA2_9 Pin=L2-2
Added Net: Name=NetA2_9
Added Pin To Net: NetName=NetA2_11 Pin=A2-11
Added Pin To Net: NetName=NetA2_11 Pin=R14-2
Added Pin To Net: NetName=NetA2_11 Pin=X9-2
Added Net: Name=NetA2_11
Added Pin To Net: NetName=NetA2_12 Pin=A2-12
Added Pin To Net: NetName=NetA2_12 Pin=C10-2
Added Net: Name=NetA2_12
Added Pin To Net: NetName=NetH1_1 Pin=H1-1
Added Pin To Net: NetName=NetH1_1 Pin=R1-2
Added Net: Name=NetH1_1
Change Class Name : Old Net Name=Schroom_napajanje4 New Net Name=Schroom_napajanje2
Added Member To Class: ClassName=Schroom_napajanje2 Member=Component A1 LTC3105
Added Member To Class: ClassName=Schroom_napajanje2 Member=Component A2 LTC3105
Added Member To Class: ClassName=Schroom_napajanje2 Member=Component C11 1u
Added Member To Class: ClassName=Schroom_napajanje2 Member=Component L2 10u
Added Member To Class: ClassName=Schroom_napajanje2 Member=Component R14 1M
Added Member To Class: ClassName=Schroom_napajanje2 Member=Component R15 437k
Added Member To Class: ClassName=Schroom_napajanje2 Member=Component Rmmpc1 400k
Added Member To Class: ClassName=Schroom_napajanje2 Member=Component Rmmpc2 0
Change Room Name: Old Name=Schroom_napajanje4 New Name=Schroom_napajanje2
Change Room Scope: Old Scope=InComponentClass('Schroom_napajanje4') New Scope=InComponentClass('Schroom_napajanje2')
