Removed Pin From Net: NetName=AGND Pin=C6-1
Removed Pin From Net: NetName=NetA1_8 Pin=C6-2
Removed Pin From Net: NetName=AGND Pin=C7-1
Removed Pin From Net: NetName=NetA1_12 Pin=C7-2
Removed Pin From Net: NetName=AGND Pin=C8-1
Removed Pin From Net: NetName=AGND Pin=C9-1
Removed Pin From Net: NetName=NetA1_11 Pin=C9-2
Removed Pin From Net: NetName=AGND Pin=C10-1
Removed Pin From Net: NetName=NetA2_12 Pin=C10-2
Removed Pin From Net: NetName=VCC Pin=H2-1
Removed Pin From Net: NetName=NetA1_1 Pin=R12-1
Removed Pin From Net: NetName=NetA1_11 Pin=R12-2
Removed Pin From Net: NetName=NetA1_1 Pin=R13-1
Removed Pin From Net: NetName=AGND Pin=R13-2
Removed Pin From Net: NetName=NetA2_1 Pin=R14-1
Removed Pin From Net: NetName=NetA2_11 Pin=R14-2
Removed Pin From Net: NetName=NetA2_1 Pin=R15-1
Removed Pin From Net: NetName=AGND Pin=R15-2
Removed Pin From Net: NetName=AGND Pin=X7-1
Removed Pin From Net: NetName=NetA1_8 Pin=X7-2
Removed Pin From Net: NetName=AGND Pin=X8-1
Removed Pin From Net: NetName=NetA1_11 Pin=X8-2
Removed Pin From Net: NetName=NetA2_11 Pin=X9-2
Change Component Footprint: Designator=X8 Old Footprint=HDR1X2 New Footprint=HDR2X3
Change Component Footprint: Designator=H2 Old Footprint=LED-1 New Footprint=TLUR4400
Change Component Comment : Designator=R12 Old Comment=1M New Comment=100k
Change Component Comment : Designator=C11 Old Comment=1u New Comment=10u
Change Component Comment : Designator=C7 Old Comment=1u New Comment=12p5
Change Component Comment : Designator=C8 Old Comment=1u New Comment=12p5
Change Component Comment : Designator=C10 Old Comment=1u New Comment=100n
Change Component Comment : Designator=C6 Old Comment=10u New Comment=12p5
Change Component Comment : Designator=C9 Old Comment=10u New Comment=12p5
Change Component Comment : Designator=R13 Old Comment=301k New Comment=100k
Change Component Comment : Designator=R15 Old Comment=437k New Comment=1M
Change Component Comment : Designator=X8 Old Comment=baterija New Comment=Header 3X2
Change Component Comment : Designator=X9 Old Comment=izlaz 3,3V New Comment=Solar
Change Component Comment : Designator=H2 Old Comment=LED1 New Comment=TLDR6400
Change Component Comment : Designator=X7 Old Comment=Solar New Comment=NRST
Change component parameters: Designator = "X7"; UniqueID = "\UBTIMYAW"
Change component parameters. Clean all parameters for all variants
Change component parameters: Designator = "H2"; Footprint = "TLUR4400"; UniqueID = "\KRBAFKTD"
Change component parameters. Clean all parameters for all variants
Change component parameters (AddParameter): Name = "Datasheet Link"; Value = "https://www.vishay.com/docs/81155/tldr6400.pdf"; VariantName = "[No Variations]"
Change component parameters (AddParameter): Name = "Manufacturer_Name"; Value = "Vishay"; VariantName = "[No Variations]"
Change component parameters (AddParameter): Name = "Manufacturer_Part_Number"; Value = "TLDR6400"; VariantName = "[No Variations]"
Change component parameters (AddParameter): Name = "Mouser Part Number"; Value = "78-TLDR6400"; VariantName = "[No Variations]"
Change component parameters (AddParameter): Name = "Mouser Price/Stock"; Value = "https://www.mouser.com/Search/Refine.aspx?Keyword=78-TLDR6400"; VariantName = "[No Variations]"
Change component parameters (AddParameter): Name = "RS Part Number"; Value = ""; VariantName = "[No Variations]"
Change component parameters (AddParameter): Name = "RS Price/Stock"; Value = ""; VariantName = "[No Variations]"
Added Component: Designator=C12(6-0805_N)
Add component. Clean all parameters for all variants
Add component (AddParameter): Name = "LatestRevisionDate"; Value = "17-Jul-2002"; VariantName = "[No Variations]"
Add component (AddParameter): Name = "LatestRevisionNote"; Value = "Re-released for DXP Platform."; VariantName = "[No Variations]"
Add component (AddParameter): Name = "PackageDescription"; Value = "Radial Cap, Thru-Hole; 2 Leads; 0.3 in Pin Spacing"; VariantName = "[No Variations]"
Add component (AddParameter): Name = "PackageReference"; Value = "RAD-0.3"; VariantName = "[No Variations]"
Add component (AddParameter): Name = "Published"; Value = "8-Jun-2000"; VariantName = "[No Variations]"
Add component (AddParameter): Name = "Publisher"; Value = "Altium Limited"; VariantName = "[No Variations]"
Add component (AddParameter): Name = "Value"; Value = "100pF"; VariantName = "[No Variations]"
Added Component: Designator=C13(6-0805_N)
Add component. Clean all parameters for all variants
Add component (AddParameter): Name = "LatestRevisionDate"; Value = "17-Jul-2002"; VariantName = "[No Variations]"
Add component (AddParameter): Name = "LatestRevisionNote"; Value = "Re-released for DXP Platform."; VariantName = "[No Variations]"
Add component (AddParameter): Name = "PackageDescription"; Value = "Radial Cap, Thru-Hole; 2 Leads; 0.3 in Pin Spacing"; VariantName = "[No Variations]"
Add component (AddParameter): Name = "PackageReference"; Value = "RAD-0.3"; VariantName = "[No Variations]"
Add component (AddParameter): Name = "Published"; Value = "8-Jun-2000"; VariantName = "[No Variations]"
Add component (AddParameter): Name = "Publisher"; Value = "Altium Limited"; VariantName = "[No Variations]"
Add component (AddParameter): Name = "Value"; Value = "100pF"; VariantName = "[No Variations]"
Added Component: Designator=C14(6-0805_N)
Add component. Clean all parameters for all variants
Add component (AddParameter): Name = "LatestRevisionDate"; Value = "17-Jul-2002"; VariantName = "[No Variations]"
Add component (AddParameter): Name = "LatestRevisionNote"; Value = "Re-released for DXP Platform."; VariantName = "[No Variations]"
Add component (AddParameter): Name = "PackageDescription"; Value = "Radial Cap, Thru-Hole; 2 Leads; 0.3 in Pin Spacing"; VariantName = "[No Variations]"
Add component (AddParameter): Name = "PackageReference"; Value = "RAD-0.3"; VariantName = "[No Variations]"
Add component (AddParameter): Name = "Published"; Value = "8-Jun-2000"; VariantName = "[No Variations]"
Add component (AddParameter): Name = "Publisher"; Value = "Altium Limited"; VariantName = "[No Variations]"
Add component (AddParameter): Name = "Value"; Value = "100pF"; VariantName = "[No Variations]"
Added Component: Designator=R16(6-0805_N)
Add component. Clean all parameters for all variants
Add component (AddParameter): Name = "LatestRevisionDate"; Value = "17-Jul-2002"; VariantName = "[No Variations]"
Add component (AddParameter): Name = "LatestRevisionNote"; Value = "Re-released for DXP Platform."; VariantName = "[No Variations]"
Add component (AddParameter): Name = "PackageDescription"; Value = "Axial Device, Thru-Hole; 2 Leads; 0.4 in Pin Spacing"; VariantName = "[No Variations]"
Add component (AddParameter): Name = "PackageReference"; Value = "AXIAL-0.4"; VariantName = "[No Variations]"
Add component (AddParameter): Name = "Published"; Value = "8-Jun-2000"; VariantName = "[No Variations]"
Add component (AddParameter): Name = "Publisher"; Value = "Altium Limited"; VariantName = "[No Variations]"
Add component (AddParameter): Name = "Value"; Value = "1K"; VariantName = "[No Variations]"
Added Component: Designator=R17(6-0805_N)
Add component. Clean all parameters for all variants
Add component (AddParameter): Name = "LatestRevisionDate"; Value = "17-Jul-2002"; VariantName = "[No Variations]"
Add component (AddParameter): Name = "LatestRevisionNote"; Value = "Re-released for DXP Platform."; VariantName = "[No Variations]"
Add component (AddParameter): Name = "PackageDescription"; Value = "Axial Device, Thru-Hole; 2 Leads; 0.4 in Pin Spacing"; VariantName = "[No Variations]"
Add component (AddParameter): Name = "PackageReference"; Value = "AXIAL-0.4"; VariantName = "[No Variations]"
Add component (AddParameter): Name = "Published"; Value = "8-Jun-2000"; VariantName = "[No Variations]"
Add component (AddParameter): Name = "Publisher"; Value = "Altium Limited"; VariantName = "[No Variations]"
Add component (AddParameter): Name = "Value"; Value = "1K"; VariantName = "[No Variations]"
Added Component: Designator=R18(6-0805_N)
Add component. Clean all parameters for all variants
Add component (AddParameter): Name = "LatestRevisionDate"; Value = "17-Jul-2002"; VariantName = "[No Variations]"
Add component (AddParameter): Name = "LatestRevisionNote"; Value = "Re-released for DXP Platform."; VariantName = "[No Variations]"
Add component (AddParameter): Name = "PackageDescription"; Value = "Axial Device, Thru-Hole; 2 Leads; 0.4 in Pin Spacing"; VariantName = "[No Variations]"
Add component (AddParameter): Name = "PackageReference"; Value = "AXIAL-0.4"; VariantName = "[No Variations]"
Add component (AddParameter): Name = "Published"; Value = "8-Jun-2000"; VariantName = "[No Variations]"
Add component (AddParameter): Name = "Publisher"; Value = "Altium Limited"; VariantName = "[No Variations]"
Add component (AddParameter): Name = "Value"; Value = "1K"; VariantName = "[No Variations]"
Added Component: Designator=X10(HDR1X2)
Add component. Clean all parameters for all variants
Add component (AddParameter): Name = "LatestRevisionDate"; Value = "17-Jul-2002"; VariantName = "[No Variations]"
Add component (AddParameter): Name = "LatestRevisionNote"; Value = "Re-released for DXP Platform."; VariantName = "[No Variations]"
Add component (AddParameter): Name = "Publisher"; Value = "Altium Limited"; VariantName = "[No Variations]"
Added Component: Designator=X11(HDR1X2)
Add component. Clean all parameters for all variants
Add component (AddParameter): Name = "LatestRevisionDate"; Value = "17-Jul-2002"; VariantName = "[No Variations]"
Add component (AddParameter): Name = "LatestRevisionNote"; Value = "Re-released for DXP Platform."; VariantName = "[No Variations]"
Add component (AddParameter): Name = "Publisher"; Value = "Altium Limited"; VariantName = "[No Variations]"
Added Component: Designator=Y1(ABS0612732768KHZT)
Add component. Clean all parameters for all variants
Add component (AddParameter): Name = "Datasheet Link"; Value = "https://abracon.com/datasheets/ABS06-127-32.768kHz-T.pdf"; VariantName = "[No Variations]"
Add component (AddParameter): Name = "Height"; Value = "0.6mm"; VariantName = "[No Variations]"
Add component (AddParameter): Name = "Manufacturer_Name"; Value = "ABRACON"; VariantName = "[No Variations]"
Add component (AddParameter): Name = "Manufacturer_Part_Number"; Value = "ABS06-127-32.768KHZ-T"; VariantName = "[No Variations]"
Add component (AddParameter): Name = "Mouser Part Number"; Value = "815-ABS0612732.768KT"; VariantName = "[No Variations]"
Add component (AddParameter): Name = "Mouser Price/Stock"; Value = "https://www.mouser.com/Search/Refine.aspx?Keyword=815-ABS0612732.768KT"; VariantName = "[No Variations]"
Add component (AddParameter): Name = "RS Part Number"; Value = "1753472P"; VariantName = "[No Variations]"
Add component (AddParameter): Name = "RS Price/Stock"; Value = "http://uk.rs-online.com/web/p/products/1753472P"; VariantName = "[No Variations]"
Added Component: Designator=Y2(CX5032GA08000H0PST02)
Add component. Clean all parameters for all variants
Add component (AddParameter): Name = "Datasheet Link"; Value = "https://media.digikey.com/pdf/Data%20Sheets/AVX%20PDFs/CX5032GA08000H0PST02_Spec.pdf"; VariantName = "[No Variations]"
Add component (AddParameter): Name = "Height"; Value = "1mm"; VariantName = "[No Variations]"
Add component (AddParameter): Name = "Manufacturer_Name"; Value = "Kyocera Electronic Components"; VariantName = "[No Variations]"
Add component (AddParameter): Name = "Manufacturer_Part_Number"; Value = "CX5032GA08000H0PST02"; VariantName = "[No Variations]"
Add component (AddParameter): Name = "Mouser Part Number"; Value = "581-CX5032GA08H0PST"; VariantName = "[No Variations]"
Add component (AddParameter): Name = "Mouser Price/Stock"; Value = "https://www.mouser.com/Search/Refine.aspx?Keyword=581-CX5032GA08H0PST"; VariantName = "[No Variations]"
Add component (AddParameter): Name = "RS Part Number"; Value = ""; VariantName = "[No Variations]"
Add component (AddParameter): Name = "RS Price/Stock"; Value = ""; VariantName = "[No Variations]"
Added Pin To Net: NetName=GND Pin=C10-1
Added Pin To Net: NetName=NetA1_8 Pin=C11-2
Added Pin To Net: NetName=AGND Pin=C12-1
Added Pin To Net: NetName=NetA1_12 Pin=C12-2
Added Pin To Net: NetName=AGND Pin=C13-1
Added Pin To Net: NetName=NetA1_11 Pin=C13-2
Added Pin To Net: NetName=AGND Pin=C14-1
Added Pin To Net: NetName=NetA2_12 Pin=C14-2
Added Pin To Net: NetName=VCC Pin=H2-2
Added Pin To Net: NetName=NetA1_1 Pin=R15-1
Added Pin To Net: NetName=NetA1_11 Pin=R15-2
Added Pin To Net: NetName=NetA1_1 Pin=R16-1
Added Pin To Net: NetName=AGND Pin=R16-2
Added Pin To Net: NetName=NetA2_1 Pin=R17-1
Added Pin To Net: NetName=NetA2_11 Pin=R17-2
Added Pin To Net: NetName=NetA2_1 Pin=R18-1
Added Pin To Net: NetName=AGND Pin=R18-2
Added Pin To Net: NetName=GND Pin=X7-2
Added Pin To Net: NetName=VCC Pin=X8-1
Added Pin To Net: NetName=VCC Pin=X8-2
Added Pin To Net: NetName=GND Pin=X8-5
Added Pin To Net: NetName=GND Pin=X8-6
Added Pin To Net: NetName=NetA1_8 Pin=X9-2
Added Pin To Net: NetName=AGND Pin=X10-1
Added Pin To Net: NetName=NetA1_11 Pin=X10-2
Added Pin To Net: NetName=AGND Pin=X11-1
Added Pin To Net: NetName=NetA2_11 Pin=X11-2
Added Pin To Net: NetName=BOOT0 Pin=D1-44
Added Pin To Net: NetName=BOOT0 Pin=R12-2
Added Net: Name=BOOT0
Added Pin To Net: NetName=BOOT1 Pin=D1-20
Added Pin To Net: NetName=BOOT1 Pin=R13-1
Added Net: Name=BOOT1
Added Pin To Net: NetName=NetC6_1 Pin=C6-1
Added Pin To Net: NetName=NetC6_1 Pin=C7-1
Added Net: Name=NetC6_1
Added Pin To Net: NetName=NetC8_1 Pin=C8-1
Added Pin To Net: NetName=NetC8_1 Pin=C9-1
Added Net: Name=NetC8_1
Added Pin To Net: NetName=NetH2_1 Pin=H2-1
Added Pin To Net: NetName=NetH2_1 Pin=R8-1
Added Net: Name=NetH2_1
Added Pin To Net: NetName=NetR12_1 Pin=R12-1
Added Pin To Net: NetName=NetR12_1 Pin=X8-3
Added Net: Name=NetR12_1
Added Pin To Net: NetName=NetR13_2 Pin=R13-2
Added Pin To Net: NetName=NetR13_2 Pin=X8-4
Added Net: Name=NetR13_2
Added Pin To Net: NetName=NRST Pin=C10-2
Added Pin To Net: NetName=NRST Pin=D1-7
Added Pin To Net: NetName=NRST Pin=X7-1
Added Net: Name=NRST
Added Pin To Net: NetName=OSC32_IN Pin=C8-2
Added Pin To Net: NetName=OSC32_IN Pin=D1-3
Added Pin To Net: NetName=OSC32_IN Pin=Y1-1
Added Net: Name=OSC32_IN
Added Pin To Net: NetName=OSC32_OUT Pin=C9-2
Added Pin To Net: NetName=OSC32_OUT Pin=D1-4
Added Pin To Net: NetName=OSC32_OUT Pin=Y1-2
Added Net: Name=OSC32_OUT
Added Pin To Net: NetName=OSC_IN Pin=C6-2
Added Pin To Net: NetName=OSC_IN Pin=D1-5
Added Pin To Net: NetName=OSC_IN Pin=R14-1
Added Pin To Net: NetName=OSC_IN Pin=Y2-1
Added Net: Name=OSC_IN
Added Pin To Net: NetName=OSC_OUT Pin=C7-2
Added Pin To Net: NetName=OSC_OUT Pin=D1-6
Added Pin To Net: NetName=OSC_OUT Pin=R14-2
Added Pin To Net: NetName=OSC_OUT Pin=Y2-2
Added Net: Name=OSC_OUT
Added Member To Class: ClassName=mikro Member=Component A1 LTC3105
Added Member To Class: ClassName=mikro Member=Component A2 LTC3105
Added Member To Class: ClassName=mikro Member=Component C6 12p5
Added Member To Class: ClassName=mikro Member=Component C7 12p5
Added Member To Class: ClassName=mikro Member=Component C8 12p5
Added Member To Class: ClassName=mikro Member=Component C9 12p5
Added Member To Class: ClassName=mikro Member=Component C10 100n
Added Member To Class: ClassName=mikro Member=Component C11 10u
Added Member To Class: ClassName=mikro Member=Component C12 1u
Added Member To Class: ClassName=mikro Member=Component C13 10u
Added Member To Class: ClassName=mikro Member=Component C14 1u
Added Member To Class: ClassName=mikro Member=Component L1 10u
Added Member To Class: ClassName=mikro Member=Component L2 10u
Added Member To Class: ClassName=mikro Member=Component R12 100k
Added Member To Class: ClassName=mikro Member=Component R13 100k
Added Member To Class: ClassName=mikro Member=Component R14 1M
Added Member To Class: ClassName=mikro Member=Component R15 1M
Added Member To Class: ClassName=mikro Member=Component R16 301k
Added Member To Class: ClassName=mikro Member=Component R17 1M
Added Member To Class: ClassName=mikro Member=Component R18 437k
Added Member To Class: ClassName=mikro Member=Component Rmmpc1 400k
Added Member To Class: ClassName=mikro Member=Component Rmmpc2 0
Added Member To Class: ClassName=mikro Member=Component X7 NRST
Added Member To Class: ClassName=mikro Member=Component X8 Header 3X2
Added Member To Class: ClassName=mikro Member=Component X9 Solar
Added Member To Class: ClassName=mikro Member=Component X10 Baterija
Added Member To Class: ClassName=mikro Member=Component X11 izlaz 3,3V
Added Member To Class: ClassName=mikro Member=Component Y1 ABS06-127-32.768KHZ-T
Added Member To Class: ClassName=mikro Member=Component Y2 CX5032GA08000H0PST02
Added Room: Name=mikro
